<?xml version="1.0" encoding="UTF-8"?>
<!-- Generated by org.testng.reporters.JUnitXMLReporter -->
<testsuite hostname="DESKTOP-VIOU2IR" ignored="0" name="Surefire test" tests="6" failures="6" timestamp="03 lis 2017 12:31:12 GMT" time="0.124" errors="0">
  <testcase name="testMoveSlider" time="0.019" classname="javaJava.SliderParameterizedTest">
    <failure type="java.lang.NullPointerException">
      <![CDATA[java.lang.NullPointerException
	at javaJava.SliderParameterizedTest.testMoveSlider(SliderParameterizedTest.java:25)
... Removed 30 stack frames]]>
    </failure>
  </testcase> <!-- testMoveSlider -->
  <testcase name="testMoveSlider" time="0.0" classname="javaJava.SliderParameterizedTest">
    <failure type="java.lang.NullPointerException">
      <![CDATA[java.lang.NullPointerException
	at javaJava.SliderParameterizedTest.testMoveSlider(SliderParameterizedTest.java:25)
... Removed 30 stack frames]]>
    </failure>
  </testcase> <!-- testMoveSlider -->
  <testcase name="testMoveSlider" time="0.001" classname="javaJava.SliderParameterizedTest">
    <failure type="java.lang.NullPointerException">
      <![CDATA[java.lang.NullPointerException
	at javaJava.SliderParameterizedTest.testMoveSlider(SliderParameterizedTest.java:25)
... Removed 30 stack frames]]>
    </failure>
  </testcase> <!-- testMoveSlider -->
  <testcase name="testMoveSlider" time="0.001" classname="javaJava.SliderParameterizedTest">
    <failure type="java.lang.NullPointerException">
      <![CDATA[java.lang.NullPointerException
	at javaJava.SliderParameterizedTest.testMoveSlider(SliderParameterizedTest.java:25)
... Removed 30 stack frames]]>
    </failure>
  </testcase> <!-- testMoveSlider -->
  <testcase name="testMoveSlider" time="0.0" classname="javaJava.SliderParameterizedTest">
    <failure type="java.lang.NullPointerException">
      <![CDATA[java.lang.NullPointerException
	at javaJava.SliderParameterizedTest.testMoveSlider(SliderParameterizedTest.java:25)
... Removed 30 stack frames]]>
    </failure>
  </testcase> <!-- testMoveSlider -->
  <testcase name="testMoveSlider" time="0.001" classname="javaJava.SliderParameterizedTest">
    <failure type="java.lang.NullPointerException">
      <![CDATA[java.lang.NullPointerException
	at javaJava.SliderParameterizedTest.testMoveSlider(SliderParameterizedTest.java:25)
... Removed 30 stack frames]]>
    </failure>
  </testcase> <!-- testMoveSlider -->
</testsuite> <!-- Surefire test -->
