<?xml version="1.0" encoding="UTF-8"?>
<testsuite xmlns:xsi="http://www.w3.org/2001/XMLSchema-instance" xsi:noNamespaceSchemaLocation="https://maven.apache.org/surefire/maven-surefire-plugin/xsd/surefire-test-report.xsd" name="TestSuite" time="98.275" tests="13" errors="0" skipped="1" failures="7">
  <properties>
[...]
</properties>
  <testcase name="testMoveSlider" classname="javaJava.SliderParameterizedTest" time="0.035">
    <failure type="java.lang.NullPointerException">java.lang.NullPointerException
	at javaJava.SliderParameterizedTest.testMoveSlider(SliderParameterizedTest.java:25)
</failure>
  </testcase>
  <testcase name="testMoveSlider" classname="javaJava.SliderParameterizedTest" time="0.001">
    <failure type="java.lang.NullPointerException">java.lang.NullPointerException
	at javaJava.SliderParameterizedTest.testMoveSlider(SliderParameterizedTest.java:25)
</failure>
  </testcase>
  <testcase name="testMoveSlider" classname="javaJava.SliderParameterizedTest" time="0.001">
    <failure type="java.lang.NullPointerException">java.lang.NullPointerException
	at javaJava.SliderParameterizedTest.testMoveSlider(SliderParameterizedTest.java:25)
</failure>
  </testcase>
  <testcase name="testMoveSlider" classname="javaJava.SliderParameterizedTest" time="0">
    <failure type="java.lang.NullPointerException">java.lang.NullPointerException
	at javaJava.SliderParameterizedTest.testMoveSlider(SliderParameterizedTest.java:25)
</failure>
  </testcase>
  <testcase name="testMoveSlider" classname="javaJava.SliderParameterizedTest" time="0.002">
    <failure type="java.lang.NullPointerException">java.lang.NullPointerException
	at javaJava.SliderParameterizedTest.testMoveSlider(SliderParameterizedTest.java:25)
</failure>
  </testcase>
  <testcase name="testMoveSlider" classname="javaJava.SliderParameterizedTest" time="0">
    <failure type="java.lang.NullPointerException">java.lang.NullPointerException
	at javaJava.SliderParameterizedTest.testMoveSlider(SliderParameterizedTest.java:25)
</failure>
  </testcase>
  <testcase name="selectData on selectData(javaJava.DatePickerTest)" classname="javaJava.DatePickerTest" time="13.315"/>
  <testcase name="dragAndDrop on dragAndDrop(javaJava.DroppableTest)" classname="javaJava.DroppableTest" time="8.971"/>
  <testcase name="selectWindows on selectWindows(javaJava.FramesAndWindowsTest)" classname="javaJava.FramesAndWindowsTest" time="13.451"/>
  <testcase name="selectWindows on selectWindows(javaJava.FramesAndWindowsTest)" classname="javaJava.FramesAndWindowsTest" time="0">
    <skipped/>
  </testcase>
  <testcase name="null on javaJava.FramesAndWindowsTest" classname="javaJava.FramesAndWindowsTest" time="13.484">
    <failure message="no such window: target window already closed&#10;from unknown error: web view not found&#10;  (Session info: chrome=61.0.3163.100)&#10;  (Driver info: chromedriver=2.33.506120 (e3e53437346286c0bc2d2dc9aa4915ba81d9023f),platform=Windows NT 10.0.15063 x86_64) (WARNING: The server did not provide any stacktrace information)&#10;Command duration or timeout: 0 milliseconds&#10;Build info: version: &apos;3.6.0&apos;, revision: &apos;6fbf3ec767&apos;, time: &apos;2017-09-27T15:28:36.4Z&apos;&#10;System info: host: &apos;DESKTOP-VIOU2IR&apos;, ip: &apos;192.168.8.100&apos;, os.name: &apos;Windows 10&apos;, os.arch: &apos;amd64&apos;, os.version: &apos;10.0&apos;, java.version: &apos;1.8.0_131&apos;&#10;Driver info: org.openqa.selenium.remote.RemoteWebDriver&#10;Capabilities [{mobileEmulationEnabled=false, hasTouchScreen=false, platform=XP, acceptSslCerts=true, webStorageEnabled=true, browserName=chrome, takesScreenshot=true, javascriptEnabled=true, platformName=XP, setWindowRect=true, unexpectedAlertBehaviour=, applicationCacheEnabled=false, rotatable=false, networkConnectionEnabled=false, chrome={chromedriverVersion=2.33.506120 (e3e53437346286c0bc2d2dc9aa4915ba81d9023f), userDataDir=C:\Users\Kuki\AppData\Local\Temp\scoped_dir1300_19439}, takesHeapSnapshot=true, pageLoadStrategy=normal, unhandledPromptBehavior=, databaseEnabled=false, handlesAlerts=true, version=61.0.3163.100, browserConnectionEnabled=false, nativeEvents=true, locationContextEnabled=true, cssSelectorsEnabled=true}]&#10;Session ID: 64d7c74044c182ce1b057b2f8859c11e" type="org.openqa.selenium.NoSuchWindowException">org.openqa.selenium.NoSuchWindowException: 
no such window: target window already closed
from unknown error: web view not found
  (Session info: chrome=61.0.3163.100)
  (Driver info: chromedriver=2.33.506120 (e3e53437346286c0bc2d2dc9aa4915ba81d9023f),platform=Windows NT 10.0.15063 x86_64) (WARNING: The server did not provide any stacktrace information)
Command duration or timeout: 0 milliseconds
Build info: version: '3.6.0', revision: '6fbf3ec767', time: '2017-09-27T15:28:36.4Z'
System info: host: 'DESKTOP-VIOU2IR', ip: '192.168.8.100', os.name: 'Windows 10', os.arch: 'amd64', os.version: '10.0', java.version: '1.8.0_131'
Driver info: org.openqa.selenium.remote.RemoteWebDriver
Capabilities [{mobileEmulationEnabled=false, hasTouchScreen=false, platform=XP, acceptSslCerts=true, webStorageEnabled=true, browserName=chrome, takesScreenshot=true, javascriptEnabled=true, platformName=XP, setWindowRect=true, unexpectedAlertBehaviour=, applicationCacheEnabled=false, rotatable=false, networkConnectionEnabled=false, chrome={chromedriverVersion=2.33.506120 (e3e53437346286c0bc2d2dc9aa4915ba81d9023f), userDataDir=C:\Users\Kuki\AppData\Local\Temp\scoped_dir1300_19439}, takesHeapSnapshot=true, pageLoadStrategy=normal, unhandledPromptBehavior=, databaseEnabled=false, handlesAlerts=true, version=61.0.3163.100, browserConnectionEnabled=false, nativeEvents=true, locationContextEnabled=true, cssSelectorsEnabled=true}]
Session ID: 64d7c74044c182ce1b057b2f8859c11e
</failure>
  </testcase>
  <testcase name="registerAccountOnDemoqa on registerAccountOnDemoqa(javaJava.RegistrationTest)" classname="javaJava.RegistrationTest" time="24.072"/>
  <testcase name="moveSliderTest on moveSliderTest(javaJava.SliderTest)" classname="javaJava.SliderTest" time="7.367"/>
</testsuite>